  main.cpp
D:\Backup\Backup-2019\UnB\Tecnicas de Programação 1\Trabalho\Trab2\Trab2\Trab2\dominios.h(67,45): warning C4290:  C++ exception specification ignored except to indicate a function is not __declspec(nothrow)
D:\Backup\Backup-2019\UnB\Tecnicas de Programação 1\Trabalho\Trab2\Trab2\Trab2\dominios.h(83,47): warning C4290:  C++ exception specification ignored except to indicate a function is not __declspec(nothrow)
D:\Backup\Backup-2019\UnB\Tecnicas de Programação 1\Trabalho\Trab2\Trab2\Trab2\dominios.h(116,42): warning C4290:  C++ exception specification ignored except to indicate a function is not __declspec(nothrow)
D:\Backup\Backup-2019\UnB\Tecnicas de Programação 1\Trabalho\Trab2\Trab2\Trab2\dominios.h(134,50): warning C4290:  C++ exception specification ignored except to indicate a function is not __declspec(nothrow)
D:\Backup\Backup-2019\UnB\Tecnicas de Programação 1\Trabalho\Trab2\Trab2\Trab2\dominios.h(166,47): warning C4290:  C++ exception specification ignored except to indicate a function is not __declspec(nothrow)
D:\Backup\Backup-2019\UnB\Tecnicas de Programação 1\Trabalho\Trab2\Trab2\Trab2\dominios.h(183,55): warning C4290:  C++ exception specification ignored except to indicate a function is not __declspec(nothrow)
D:\Backup\Backup-2019\UnB\Tecnicas de Programação 1\Trabalho\Trab2\Trab2\Trab2\dominios.h(219,47): warning C4290:  C++ exception specification ignored except to indicate a function is not __declspec(nothrow)
D:\Backup\Backup-2019\UnB\Tecnicas de Programação 1\Trabalho\Trab2\Trab2\Trab2\dominios.h(236,61): warning C4290:  C++ exception specification ignored except to indicate a function is not __declspec(nothrow)
D:\Backup\Backup-2019\UnB\Tecnicas de Programação 1\Trabalho\Trab2\Trab2\Trab2\dominios.h(268,46): warning C4290:  C++ exception specification ignored except to indicate a function is not __declspec(nothrow)
D:\Backup\Backup-2019\UnB\Tecnicas de Programação 1\Trabalho\Trab2\Trab2\Trab2\dominios.h(286,56): warning C4290:  C++ exception specification ignored except to indicate a function is not __declspec(nothrow)
D:\Backup\Backup-2019\UnB\Tecnicas de Programação 1\Trabalho\Trab2\Trab2\Trab2\dominios.h(319,45): warning C4290:  C++ exception specification ignored except to indicate a function is not __declspec(nothrow)
D:\Backup\Backup-2019\UnB\Tecnicas de Programação 1\Trabalho\Trab2\Trab2\Trab2\dominios.h(337,56): warning C4290:  C++ exception specification ignored except to indicate a function is not __declspec(nothrow)
D:\Backup\Backup-2019\UnB\Tecnicas de Programação 1\Trabalho\Trab2\Trab2\Trab2\dominios.h(368,45): warning C4290:  C++ exception specification ignored except to indicate a function is not __declspec(nothrow)
D:\Backup\Backup-2019\UnB\Tecnicas de Programação 1\Trabalho\Trab2\Trab2\Trab2\dominios.h(384,44): warning C4290:  C++ exception specification ignored except to indicate a function is not __declspec(nothrow)
D:\Backup\Backup-2019\UnB\Tecnicas de Programação 1\Trabalho\Trab2\Trab2\Trab2\dominios.h(425,46): warning C4290:  C++ exception specification ignored except to indicate a function is not __declspec(nothrow)
D:\Backup\Backup-2019\UnB\Tecnicas de Programação 1\Trabalho\Trab2\Trab2\Trab2\dominios.h(442,47): warning C4290:  C++ exception specification ignored except to indicate a function is not __declspec(nothrow)
D:\Backup\Backup-2019\UnB\Tecnicas de Programação 1\Trabalho\Trab2\Trab2\Trab2\dominios.h(471,46): warning C4290:  C++ exception specification ignored except to indicate a function is not __declspec(nothrow)
D:\Backup\Backup-2019\UnB\Tecnicas de Programação 1\Trabalho\Trab2\Trab2\Trab2\dominios.h(486,56): warning C4290:  C++ exception specification ignored except to indicate a function is not __declspec(nothrow)
D:\Backup\Backup-2019\UnB\Tecnicas de Programação 1\Trabalho\Trab2\Trab2\Trab2\dominios.h(519,42): warning C4290:  C++ exception specification ignored except to indicate a function is not __declspec(nothrow)
D:\Backup\Backup-2019\UnB\Tecnicas de Programação 1\Trabalho\Trab2\Trab2\Trab2\dominios.h(534,53): warning C4290:  C++ exception specification ignored except to indicate a function is not __declspec(nothrow)
D:\Backup\Backup-2019\UnB\Tecnicas de Programação 1\Trabalho\Trab2\Trab2\Trab2\dominios.h(568,46): warning C4290:  C++ exception specification ignored except to indicate a function is not __declspec(nothrow)
D:\Backup\Backup-2019\UnB\Tecnicas de Programação 1\Trabalho\Trab2\Trab2\Trab2\dominios.h(584,48): warning C4290:  C++ exception specification ignored except to indicate a function is not __declspec(nothrow)
D:\Backup\Backup-2019\UnB\Tecnicas de Programação 1\Trabalho\Trab2\Trab2\Trab2\dominios.h(617,46): warning C4290:  C++ exception specification ignored except to indicate a function is not __declspec(nothrow)
D:\Backup\Backup-2019\UnB\Tecnicas de Programação 1\Trabalho\Trab2\Trab2\Trab2\dominios.h(634,53): warning C4290:  C++ exception specification ignored except to indicate a function is not __declspec(nothrow)
D:\Backup\Backup-2019\UnB\Tecnicas de Programação 1\Trabalho\Trab2\Trab2\Trab2\dominios.h(665,46): warning C4290:  C++ exception specification ignored except to indicate a function is not __declspec(nothrow)
D:\Backup\Backup-2019\UnB\Tecnicas de Programação 1\Trabalho\Trab2\Trab2\Trab2\dominios.h(682,49): warning C4290:  C++ exception specification ignored except to indicate a function is not __declspec(nothrow)
D:\Backup\Backup-2019\UnB\Tecnicas de Programação 1\Trabalho\Trab2\Trab2\Trab2\dominios.h(716,45): warning C4290:  C++ exception specification ignored except to indicate a function is not __declspec(nothrow)
D:\Backup\Backup-2019\UnB\Tecnicas de Programação 1\Trabalho\Trab2\Trab2\Trab2\dominios.h(733,51): warning C4290:  C++ exception specification ignored except to indicate a function is not __declspec(nothrow)
D:\Backup\Backup-2019\UnB\Tecnicas de Programação 1\Trabalho\Trab2\Trab2\Trab2\dominios.h(765,43): warning C4290:  C++ exception specification ignored except to indicate a function is not __declspec(nothrow)
D:\Backup\Backup-2019\UnB\Tecnicas de Programação 1\Trabalho\Trab2\Trab2\Trab2\dominios.h(781,44): warning C4290:  C++ exception specification ignored except to indicate a function is not __declspec(nothrow)
D:\Backup\Backup-2019\UnB\Tecnicas de Programação 1\Trabalho\Trab2\Trab2\Trab2\dominios.h(817,47): warning C4290:  C++ exception specification ignored except to indicate a function is not __declspec(nothrow)
D:\Backup\Backup-2019\UnB\Tecnicas de Programação 1\Trabalho\Trab2\Trab2\Trab2\dominios.h(837,48): warning C4290:  C++ exception specification ignored except to indicate a function is not __declspec(nothrow)
D:\Backup\Backup-2019\UnB\Tecnicas de Programação 1\Trabalho\Trab2\Trab2\Trab2\dominios.h(871,45): warning C4290:  C++ exception specification ignored except to indicate a function is not __declspec(nothrow)
D:\Backup\Backup-2019\UnB\Tecnicas de Programação 1\Trabalho\Trab2\Trab2\Trab2\dominios.h(887,46): warning C4290:  C++ exception specification ignored except to indicate a function is not __declspec(nothrow)
D:\Backup\Backup-2019\UnB\Tecnicas de Programação 1\Trabalho\Trab2\Trab2\Trab2\dominios.h(917,46): warning C4290:  C++ exception specification ignored except to indicate a function is not __declspec(nothrow)
D:\Backup\Backup-2019\UnB\Tecnicas de Programação 1\Trabalho\Trab2\Trab2\Trab2\dominios.h(933,47): warning C4290:  C++ exception specification ignored except to indicate a function is not __declspec(nothrow)
D:\Backup\Backup-2019\UnB\Tecnicas de Programação 1\Trabalho\Trab2\Trab2\Trab2\interfaces.h(35,60): warning C4290:  C++ exception specification ignored except to indicate a function is not __declspec(nothrow)
D:\Backup\Backup-2019\UnB\Tecnicas de Programação 1\Trabalho\Trab2\Trab2\Trab2\interfaces.h(40,58): warning C4290:  C++ exception specification ignored except to indicate a function is not __declspec(nothrow)
D:\Backup\Backup-2019\UnB\Tecnicas de Programação 1\Trabalho\Trab2\Trab2\Trab2\interfaces.h(41,48): warning C4290:  C++ exception specification ignored except to indicate a function is not __declspec(nothrow)
D:\Backup\Backup-2019\UnB\Tecnicas de Programação 1\Trabalho\Trab2\Trab2\Trab2\interfaces.h(46,51): warning C4290:  C++ exception specification ignored except to indicate a function is not __declspec(nothrow)
D:\Backup\Backup-2019\UnB\Tecnicas de Programação 1\Trabalho\Trab2\Trab2\Trab2\interfaces.h(47,48): warning C4290:  C++ exception specification ignored except to indicate a function is not __declspec(nothrow)
D:\Backup\Backup-2019\UnB\Tecnicas de Programação 1\Trabalho\Trab2\Trab2\Trab2\interfaces.h(52,54): warning C4290:  C++ exception specification ignored except to indicate a function is not __declspec(nothrow)
D:\Backup\Backup-2019\UnB\Tecnicas de Programação 1\Trabalho\Trab2\Trab2\Trab2\interfaces.h(53,50): warning C4290:  C++ exception specification ignored except to indicate a function is not __declspec(nothrow)
D:\Backup\Backup-2019\UnB\Tecnicas de Programação 1\Trabalho\Trab2\Trab2\Trab2\interfaces.h(58,53): warning C4290:  C++ exception specification ignored except to indicate a function is not __declspec(nothrow)
D:\Backup\Backup-2019\UnB\Tecnicas de Programação 1\Trabalho\Trab2\Trab2\Trab2\interfaces.h(63,69): warning C4290:  C++ exception specification ignored except to indicate a function is not __declspec(nothrow)
D:\Backup\Backup-2019\UnB\Tecnicas de Programação 1\Trabalho\Trab2\Trab2\Trab2\interfaces.h(64,43): warning C4290:  C++ exception specification ignored except to indicate a function is not __declspec(nothrow)
D:\Backup\Backup-2019\UnB\Tecnicas de Programação 1\Trabalho\Trab2\Trab2\Trab2\interfaces.h(69,67): warning C4290:  C++ exception specification ignored except to indicate a function is not __declspec(nothrow)
D:\Backup\Backup-2019\UnB\Tecnicas de Programação 1\Trabalho\Trab2\Trab2\Trab2\interfaces.h(70,56): warning C4290:  C++ exception specification ignored except to indicate a function is not __declspec(nothrow)
D:\Backup\Backup-2019\UnB\Tecnicas de Programação 1\Trabalho\Trab2\Trab2\Trab2\interfaces.h(71,52): warning C4290:  C++ exception specification ignored except to indicate a function is not __declspec(nothrow)
D:\Backup\Backup-2019\UnB\Tecnicas de Programação 1\Trabalho\Trab2\Trab2\Trab2\interfaces.h(72,59): warning C4290:  C++ exception specification ignored except to indicate a function is not __declspec(nothrow)
D:\Backup\Backup-2019\UnB\Tecnicas de Programação 1\Trabalho\Trab2\Trab2\Trab2\interfaces.h(73,52): warning C4290:  C++ exception specification ignored except to indicate a function is not __declspec(nothrow)
D:\Backup\Backup-2019\UnB\Tecnicas de Programação 1\Trabalho\Trab2\Trab2\Trab2\interfaces.h(74,51): warning C4290:  C++ exception specification ignored except to indicate a function is not __declspec(nothrow)
D:\Backup\Backup-2019\UnB\Tecnicas de Programação 1\Trabalho\Trab2\Trab2\Trab2\interfaces.h(75,51): warning C4290:  C++ exception specification ignored except to indicate a function is not __declspec(nothrow)
D:\Backup\Backup-2019\UnB\Tecnicas de Programação 1\Trabalho\Trab2\Trab2\Trab2\interfaces.h(80,64): warning C4290:  C++ exception specification ignored except to indicate a function is not __declspec(nothrow)
D:\Backup\Backup-2019\UnB\Tecnicas de Programação 1\Trabalho\Trab2\Trab2\Trab2\controladoras.h(11,53): warning C4290:  C++ exception specification ignored except to indicate a function is not __declspec(nothrow)
D:\Backup\Backup-2019\UnB\Tecnicas de Programação 1\Trabalho\Trab2\Trab2\Trab2\controladoras.h(16,52): warning C4290:  C++ exception specification ignored except to indicate a function is not __declspec(nothrow)
D:\Backup\Backup-2019\UnB\Tecnicas de Programação 1\Trabalho\Trab2\Trab2\Trab2\controladoras.h(17,42): warning C4290:  C++ exception specification ignored except to indicate a function is not __declspec(nothrow)
D:\Backup\Backup-2019\UnB\Tecnicas de Programação 1\Trabalho\Trab2\Trab2\Trab2\controladoras.h(22,45): warning C4290:  C++ exception specification ignored except to indicate a function is not __declspec(nothrow)
D:\Backup\Backup-2019\UnB\Tecnicas de Programação 1\Trabalho\Trab2\Trab2\Trab2\controladoras.h(23,42): warning C4290:  C++ exception specification ignored except to indicate a function is not __declspec(nothrow)
D:\Backup\Backup-2019\UnB\Tecnicas de Programação 1\Trabalho\Trab2\Trab2\Trab2\controladoras.h(28,48): warning C4290:  C++ exception specification ignored except to indicate a function is not __declspec(nothrow)
D:\Backup\Backup-2019\UnB\Tecnicas de Programação 1\Trabalho\Trab2\Trab2\Trab2\controladoras.h(29,42): warning C4290:  C++ exception specification ignored except to indicate a function is not __declspec(nothrow)
D:\Backup\Backup-2019\UnB\Tecnicas de Programação 1\Trabalho\Trab2\Trab2\Trab2\controladoras.h(34,46): warning C4290:  C++ exception specification ignored except to indicate a function is not __declspec(nothrow)
D:\Backup\Backup-2019\UnB\Tecnicas de Programação 1\Trabalho\Trab2\Trab2\Trab2\controladoras.h(39,61): warning C4290:  C++ exception specification ignored except to indicate a function is not __declspec(nothrow)
D:\Backup\Backup-2019\UnB\Tecnicas de Programação 1\Trabalho\Trab2\Trab2\Trab2\controladoras.h(40,35): warning C4290:  C++ exception specification ignored except to indicate a function is not __declspec(nothrow)
D:\Backup\Backup-2019\UnB\Tecnicas de Programação 1\Trabalho\Trab2\Trab2\Trab2\controladoras.h(45,59): warning C4290:  C++ exception specification ignored except to indicate a function is not __declspec(nothrow)
D:\Backup\Backup-2019\UnB\Tecnicas de Programação 1\Trabalho\Trab2\Trab2\Trab2\controladoras.h(46,49): warning C4290:  C++ exception specification ignored except to indicate a function is not __declspec(nothrow)
D:\Backup\Backup-2019\UnB\Tecnicas de Programação 1\Trabalho\Trab2\Trab2\Trab2\controladoras.h(47,45): warning C4290:  C++ exception specification ignored except to indicate a function is not __declspec(nothrow)
D:\Backup\Backup-2019\UnB\Tecnicas de Programação 1\Trabalho\Trab2\Trab2\Trab2\controladoras.h(48,51): warning C4290:  C++ exception specification ignored except to indicate a function is not __declspec(nothrow)
D:\Backup\Backup-2019\UnB\Tecnicas de Programação 1\Trabalho\Trab2\Trab2\Trab2\controladoras.h(49,44): warning C4290:  C++ exception specification ignored except to indicate a function is not __declspec(nothrow)
D:\Backup\Backup-2019\UnB\Tecnicas de Programação 1\Trabalho\Trab2\Trab2\Trab2\controladoras.h(50,44): warning C4290:  C++ exception specification ignored except to indicate a function is not __declspec(nothrow)
D:\Backup\Backup-2019\UnB\Tecnicas de Programação 1\Trabalho\Trab2\Trab2\Trab2\controladoras.h(51,44): warning C4290:  C++ exception specification ignored except to indicate a function is not __declspec(nothrow)
D:\Backup\Backup-2019\UnB\Tecnicas de Programação 1\Trabalho\Trab2\Trab2\Trab2\controladoras.h(56,57): warning C4290:  C++ exception specification ignored except to indicate a function is not __declspec(nothrow)
D:\Backup\Backup-2019\UnB\Tecnicas de Programação 1\Trabalho\Trab2\Trab2\Trab2\controladoras.h(65,33): warning C4290:  C++ exception specification ignored except to indicate a function is not __declspec(nothrow)
D:\Backup\Backup-2019\UnB\Tecnicas de Programação 1\Trabalho\Trab2\Trab2\Trab2\controladoras.h(66,36): warning C4290:  C++ exception specification ignored except to indicate a function is not __declspec(nothrow)
D:\Backup\Backup-2019\UnB\Tecnicas de Programação 1\Trabalho\Trab2\Trab2\Trab2\controladoras.h(74,33): warning C4290:  C++ exception specification ignored except to indicate a function is not __declspec(nothrow)
  Trab2.vcxproj -> D:\Backup\Backup-2019\UnB\Tecnicas de Programação 1\Trabalho\Trab2\Trab2\Debug\Trab2.exe
